TN:
SF:src/index.js
FN:8,(anonymous_0)
FN:29,(anonymous_1)
FN:33,(anonymous_2)
FN:38,(anonymous_3)
FNF:4
FNH:3
FNDA:2,(anonymous_0)
FNDA:1,(anonymous_1)
FNDA:1,(anonymous_2)
FNDA:0,(anonymous_3)
DA:1,1
DA:2,1
DA:3,1
DA:5,1
DA:6,1
DA:8,1
DA:9,2
DA:11,2
DA:12,1
DA:15,1
DA:23,1
DA:24,1
DA:26,1
DA:29,1
DA:30,1
DA:33,1
DA:34,1
DA:37,1
DA:38,0
DA:39,0
DA:43,1
LF:21
LH:19
BRDA:5,0,0,1
BRDA:5,0,1,1
BRDA:11,1,0,1
BRDA:11,1,1,1
BRDA:18,2,0,1
BRDA:18,2,1,0
BRDA:37,3,0,0
BRDA:37,3,1,1
BRF:8
BRH:6
end_of_record
